ed841136-a02d-49d1-9b77-ef813ac6c2c6	2023-04-07	05:04:14	GET	/	undefined
0bc6fdb8-5ecc-4496-a13f-9a24937a2fea	2023-04-07	05:04:14	GET	/css/styles.css	undefined
c003011d-65e1-4a7a-be78-af968e9cee8b	2023-04-07	05:04:42	GET	/	undefined
246fdf55-78f5-4dca-afd8-8ce23674ba2d	2023-04-07	05:04:39	GET	/	undefined
445effca-575c-47b2-9d49-5ed092193c9b	2023-04-07	05:04:39	GET	/css/styles.css	undefined
f7e6f772-18ae-46bc-93e7-2f9b6f6ec2d9	2023-04-07	05:04:48	GET	/	undefined
766836bf-ecc2-4d87-b770-3088eea245ae	2023-04-07	05:04:18	GET	/	undefined
28c9214d-a9bd-4025-858d-2758abfeea71	2023-04-07	05:04:42	GET	/	undefined
e8e86c4f-6c28-47ce-9173-cf409f7fd64e	2023-04-07	05:04:52	GET	/	undefined
43ca650f-d03f-42b0-8b14-c160f57cc288	2023-04-07	08:04:31	GET	/	undefined
b72f3c1d-c95a-42dc-977c-0f356929fe8d	2023-04-07	08:04:31	GET	/css/styles.css	undefined
dfd461a5-ed38-4399-846a-4c2f7e1f3f9c	2023-04-08	06:04:32	GET	/css/styles.css	undefined
e37581c8-379a-4485-bbe2-971307bfe6d0	2023-04-08	08:04:49	GET	/css/styles.css	undefined
ab03daf2-9dd5-4f8b-9e9b-c64c64cde1b6	2023-04-08	08:04:01	GET	/	undefined
50f60375-d12a-4bfc-8a22-44ab24cda392	2023-04-08	08:04:01	GET	/css/styles.css	undefined
356a908a-7e44-4db5-9617-d40e708c661b	2023-04-08	08:04:07	GET	/a	undefined
7ab417d1-f730-44ce-87da-921cc2aaa0cb	2023-04-08	08:04:07	GET	/css/styles.css	undefined
6e5e6925-bbb5-4952-bde5-d9350dfd9b6d	2023-04-08	08:04:01	GET	/a	undefined
dc7d84aa-4485-42e1-8593-be0c9f74abdf	2023-04-08	08:04:02	GET	/css/styles.css	undefined
f7c3b29e-9f2e-4819-b5a5-2a2c8b2ec058	2023-04-08	08:04:37	GET	/css/styles.css	undefined
51f62bad-0503-42c3-8417-d593fa714a1b	2023-04-08	08:04:48	GET	/a	undefined
a2a54686-f375-4cbd-b652-c169adc5ee1a	2023-04-08	08:04:48	GET	/css/styles.css	undefined
ac1abad6-1c30-49cb-8c45-9513fc9574be	2023-04-08	08:04:20	GET	/a	undefined
48c393e4-5eb8-4325-8af4-d0437b92bff0	2023-04-08	08:04:20	GET	/css/styles.css	undefined
a39bd25d-3332-447d-94f0-d1dedb896831	2023-04-08	08:04:29	GET	/a	undefined
f62e27ec-7947-4e07-bc55-ec2bccacb505	2023-04-08	08:04:29	GET	/css/styles.css	undefined
c7ec7e40-dd3a-4532-9dcf-673377a492fc	2023-04-08	08:04:44	GET	/a	undefined
61d4c966-5454-408d-976a-ec48e742dc81	2023-04-08	08:04:44	GET	/css/styles.css	undefined
20dcabc1-da85-4c8e-a815-14f0633c8793	2023-04-08	08:04:51	GET	/a	undefined
b079fee0-818a-4b8e-8f42-4869d1a4d613	2023-04-08	08:04:51	GET	/css/styles.css	undefined
831cd364-1183-4727-83a7-2a58a874fef7	2023-04-08	08:04:03	GET	/a	undefined
c9e112c4-68a4-44e4-8638-551675a27248	2023-04-08	08:04:03	GET	/css/styles.css	undefined
ce1a7313-fb5d-4cc4-a5d4-1c56660077d9	2023-04-08	08:04:11	GET	/a	undefined
57543112-3a6d-41ac-b1a3-29ce7bcef14d	2023-04-08	08:04:11	GET	/css/styles.css	undefined
7086cac3-c3c4-4c86-83b8-ff07fe8aac28	2023-04-08	08:04:19	GET	/index	undefined
e092d124-68cf-4278-942b-69de0ced24e4	2023-04-08	08:04:19	GET	/css/styles.css	undefined
1652aea5-ec31-4720-9631-7e9a405e538e	2023-04-08	08:04:52	GET	/index	undefined
01c42ce8-e706-4693-8919-811bf814c314	2023-04-08	08:04:52	GET	/css/styles.css	undefined
64c29277-966b-4d93-98df-f8a08ba1f54e	2023-04-08	08:04:59	GET	/index	undefined
f62a980e-3f78-4f73-ac0f-aa82c16b8400	2023-04-08	08:04:59	GET	/css/styles.css	undefined
1a64178a-ab24-403c-8b92-0fead82278d4	2023-04-08	08:04:02	GET	/	undefined
2e04268d-5c70-494a-bc2d-05ce9d1fba02	2023-04-08	08:04:02	GET	/css/styles.css	undefined
12266a10-c2d0-451b-a91b-97f8d2fde68b	2023-04-08	08:04:36	GET	/a	undefined
d82aa80d-d958-4260-9b5e-a8d04b85bffd	2023-04-08	08:04:37	GET	/css/styles.css	undefined
9ebb63ca-bfcf-4170-ab7f-18bfd0d0e3a4	2023-04-08	08:04:12	GET	/	https://www.google.com
d85286a0-e469-4364-9e37-d1b4b8924cef	2023-04-08	08:04:27	OPTIONS	/	https://www.google.com
d82549e5-5515-4138-973e-5238e885a0ea	2023-04-08	08:04:27	GET	/	https://www.google.com
2a1b9920-e2a4-4cfb-8f29-f2d77fe992f1	2023-04-08	08:04:39	OPTIONS	/	https://www.google.com
bac5dd29-6772-4e35-9575-01280ea00212	2023-04-08	08:04:39	GET	/	https://www.google.com
e2372b23-64bc-4183-ab49-a7425f813eb4	2023-04-08	08:04:09	OPTIONS	/	https://www.google.com
d262259e-3fbd-4c89-9e54-d5d11444938b	2023-04-08	08:04:09	GET	/	https://www.google.com
46a587e9-a6ca-44a2-9162-f94c22789c54	2023-04-08	08:04:22	OPTIONS	/	https://www.google.com
f5471585-08fa-49dd-99a3-50717ad9c696	2023-04-08	08:04:22	GET	/	https://www.google.com
9c1d3c94-5108-463a-8188-d0592f96356d	2023-04-08	08:04:21	OPTIONS	/	https://www.google.com
c58be3a4-1055-4139-80d0-736ff5476692	2023-04-08	08:04:21	GET	/	https://www.google.com
5746d97d-cf23-42d4-956a-6beb71d51a95	2023-04-08	08:04:05	OPTIONS	/	https://www.google.com
c598388a-8d35-4714-b325-51f278d84b97	2023-04-08	08:04:05	GET	/	https://www.google.com
2bf0b3b4-eada-4837-b6df-fd4ec8503268	2023-04-08	08:04:21	OPTIONS	/	https://www.google.com
ff0b8f9f-84bf-495d-beab-2b08b6275646	2023-04-08	08:04:21	GET	/	https://www.google.com
a310b072-bb98-487e-9a5b-5f236a36e590	2023-04-08	08:04:16	GET	/	https://www.google.com
515ef1fb-9f85-43b9-96d6-b99df4d723b6	2023-04-08	08:04:40	GET	/a	undefined
66198f92-975a-4406-a10a-734421dbfe44	2023-04-08	08:04:40	GET	/css/styles.css	undefined
59764ac6-9398-44ef-be8e-378b42da1570	2023-04-08	08:04:41	GET	/favicon.ico	undefined
6e8b737d-7a62-4dc9-b749-0767e494e1b3	2023-04-08	08:04:43	GET	/css/styles.css	undefined
028180fd-6814-412b-80a1-868367fe5626	2023-04-08	08:04:46	GET	/a	undefined
79298807-5168-4a09-be2d-cead67045901	2023-04-08	08:04:46	GET	/css/styles.css	undefined
d7a4e74d-cd9e-4ffb-8f0d-657852b0c33c	2023-04-08	08:04:47	GET	/favicon.ico	undefined
9fcc3b98-37eb-4079-8bff-0289e20e7e96	2023-04-08	09:04:09	GET	/users	undefined
611cf4a8-4320-4baf-b699-77a9d59d357e	2023-04-08	09:04:10	GET	/favicon.ico	undefined
9b5565ff-55f2-4e89-aee3-d94ac99302ed	2023-04-08	09:04:53	GET	/users	undefined
f1e661d9-14c6-463c-a37b-a4597bede8bf	2023-04-08	09:04:14	POST	/users	undefined
b393ad98-cbca-437a-96d9-80942950bd5c	2023-04-08	09:04:18	GET	/users	undefined
9206e19c-e153-4cca-bd94-c7b526f93ef4	2023-04-08	10:04:15	GET	/users	undefined
f7e64d5d-a790-4e3b-a719-3e3075b96dd3	2023-04-08	10:04:04	POST	/users	undefined
0ddb1da2-bfff-454d-b9c0-5b9fdd4d7b3d	2023-04-08	10:04:06	POST	/users	undefined
9f837ac8-f44d-4c48-afbc-acbbb715bbb6	2023-04-08	10:04:09	GET	/users	undefined
a8f0f66e-7a67-42f0-82ad-01800c11ea5e	2023-04-08	10:04:14	POST	/users	undefined
9b14064d-5dca-4e67-819d-97ebb8a8c6eb	2023-04-08	10:04:16	GET	/users	undefined
348b838a-31ee-4abb-b7f9-6b67853e73f4	2023-04-08	10:04:23	PATCH	/users	undefined
3e8963f7-7f30-4854-9af2-4e436f2d751f	2023-04-08	10:04:43	PATCH	/users	undefined
063b1550-caed-496a-881e-d80b5100a0b6	2023-04-08	10:04:50	GET	/users	undefined
dc4fb318-7477-4c4b-86f6-77141709b2f4	2023-04-08	10:04:58	PATCH	/users	undefined
c1379de8-1415-469d-9fff-78b10ab8386d	2023-04-08	10:04:03	GET	/users	undefined
cdacc743-c74e-4a59-9d0c-120b6e6b6de7	2023-04-08	10:04:09	PATCH	/users	undefined
6d0e09cb-f710-4bc1-8a36-4e0eb8d1decc	2023-04-08	10:04:20	PATCH	/users	undefined
36cdf805-3091-4c36-a5d8-9bd91124558a	2023-04-08	10:04:32	PATCH	/users	undefined
c57855b4-2f70-4eaf-82d2-4af455e8e9cd	2023-04-08	10:04:36	PATCH	/users	undefined
f6a007ec-c6ec-403c-9996-8c5ac1d90d49	2023-04-08	10:04:01	PATCH	/users	undefined
e328fdb2-5f0f-489f-b0e4-8a22b1687985	2023-04-08	12:04:49	POST	/users	undefined
1ad0aecb-e750-4a20-b130-f90491612323	2023-04-08	12:04:09	POST	/users	undefined
ea889bd7-2739-4b31-baf7-3c7e44cca56e	2023-04-08	12:04:06	POST	/users	undefined
fb37595d-abd1-4a7b-b2ad-4d97c1924bdc	2023-04-08	12:04:57	POST	/users	undefined
5b35d4f0-67fe-4f30-8f13-30b4b7510fcd	2023-04-08	12:04:04	POST	/users	undefined
13881ada-d918-4899-a3bd-d5722d64cede	2023-04-08	12:04:11	GET	/	undefined
ba30ea36-cbc2-4c55-af2b-c3ef1e25eb17	2023-04-08	12:04:11	GET	/css/styles.css	undefined
b99d581f-b231-4150-b1cb-508ad154fddc	2023-04-08	12:04:12	GET	/favicon.ico	undefined
a76c3dc2-888a-4029-9785-e6c24ea5bb77	2023-04-08	12:04:45	POST	/users	undefined
955cd278-c07b-49c6-a335-e44e1549dcc3	2023-04-08	12:04:49	GET	/users	undefined
33d56594-5cb8-4f3a-946e-31e9a26e7b29	2023-04-08	12:04:21	GET	/users	undefined
aaa0db08-73ce-46e8-b4a7-9b06485e1e15	2023-04-08	12:04:22	GET	/favicon.ico	undefined
bfe45d58-995c-4706-93b4-3577008fceb3	2023-04-08	12:04:28	GET	/users	undefined
129c6bdd-1261-4f1b-9504-bd973dc2b9ca	2023-04-08	12:04:29	GET	/favicon.ico	undefined
6f00b83e-a43a-447b-a1fa-e6836993b6ba	2023-04-08	12:04:33	POST	/users	undefined
f40622de-52f0-4d44-a8fa-908b95c2de86	2023-04-08	12:04:36	GET	/users	undefined
224862cf-a9e8-48e3-b772-6b2dbd8c3af2	2023-04-08	12:04:36	GET	/favicon.ico	undefined
95b6e55e-4f08-4c56-8ebc-32dbc6c170ba	2023-04-08	12:04:11	POST	/users	undefined
71260c98-07c7-4158-bf64-2a27c5e40b05	2023-04-08	12:04:13	GET	/users	undefined
d379d26f-ac17-45a1-a60a-af4ec22f1ffd	2023-04-08	12:04:14	GET	/favicon.ico	undefined
fc78133c-8099-452c-b7e1-3107e83658c7	2023-04-08	12:04:26	GET	/users	undefined
e0e8b802-f4af-4e04-9d60-8425ebbaa246	2023-04-08	12:04:36	GET	/users	undefined
fe46b08c-c07e-47e7-8027-48bcaff331b8	2023-04-08	12:04:11	PATCH	/users	undefined
08dc2162-7a62-4f09-a656-308141740352	2023-04-08	12:04:30	PATCH	/users	undefined
365e69e0-ca2c-44ac-8fc2-9c94c4afed37	2023-04-08	12:04:40	PATCH	/users	undefined
ba21e959-fadd-490f-9818-e34af5c80846	2023-04-08	12:04:02	PATCH	/users	undefined
aaa8b72f-af8c-4942-9494-b5b10c9d4135	2023-04-08	12:04:20	PATCH	/users	undefined
837078f3-0411-40ec-a2d3-46c948ad04b0	2023-04-08	12:04:18	POST	/users	undefined
20b3a9ee-06e3-4b22-b4c8-157f948f334b	2023-04-08	12:04:28	POST	/users	undefined
15e11b4a-283a-493c-86e6-a2eb80442171	2023-04-08	12:04:44	POST	/users	undefined
f46ff946-90b1-4c29-8354-436f60b39aff	2023-04-08	01:04:03	POST	/users	undefined
06427613-8769-4e5d-9f24-cfecf6869572	2023-04-08	01:04:00	POST	/users	undefined
4707ab81-f33f-4351-b049-256c46557c1f	2023-04-08	01:04:22	GET	/users	undefined
a679ddf9-42c3-4993-ba85-f7779ae2ca15	2023-04-08	01:04:07	POST	/users	undefined
e30ab1c3-8810-4bce-b8fa-922e0299aeed	2023-04-08	01:04:21	POST	/users	undefined
0f31c1a1-0b33-4c82-abb6-f7f736ba040d	2023-04-08	01:04:23	POST	/users	undefined
818650a0-ae11-47b7-a97e-16268a181cb7	2023-04-08	01:04:22	POST	/users	undefined
3d3afc80-aae0-40f2-9906-978a59f606dd	2023-04-08	01:04:40	POST	/users	undefined
25ba20c0-83eb-4a63-9ac7-c7bc8799005d	2023-04-08	01:04:18	POST	/users	undefined
4bf32359-8dd1-4a74-92f8-c51b3b19c8c2	2023-04-08	01:04:41	POST	/users	undefined
a855798e-7071-4583-afe0-b6983f28a580	2023-04-08	01:04:44	GET	/users	undefined
69d61a28-aa9d-43c1-8ab0-8476ad7c9adb	2023-04-08	01:04:21	GET	/users	undefined
c0082f55-60c7-4f24-b43b-3650b069d2a9	2023-04-08	01:04:22	GET	/favicon.ico	undefined
db3b7084-2eb7-4c70-acb0-a9db95b68031	2023-04-08	01:04:24	POST	/users	undefined
7388f92e-8625-4285-b18e-92e5fa1df121	2023-04-08	01:04:40	POST	/users	undefined
7fd55013-ffc3-4b91-8793-e2adf2af0546	2023-04-08	01:04:52	POST	/users	undefined
4f98ed46-3242-4f53-8b89-847d6be9442b	2023-04-08	01:04:56	POST	/users	undefined
8cc9d40d-447e-4d59-bb31-3ee31ba6d1a9	2023-04-08	01:04:02	POST	/users	undefined
deba91ab-a512-4800-80ca-1e652aa42473	2023-04-08	01:04:15	POST	/users	undefined
ef647066-56ed-4ddf-a610-8186aceddfd3	2023-04-08	01:04:19	GET	/users	undefined
9c46b94c-459e-4316-be7b-798a3bc9a68e	2023-04-08	01:04:38	PATCH	/users	undefined
8c064976-6268-43cc-a0be-3af070f44c00	2023-04-08	01:04:15	PATCH	/users	undefined
cedd02f1-47f6-42d8-8f4e-3bc53b718c06	2023-04-08	01:04:26	PATCH	/users	undefined
35f49d0b-ee00-407a-9c83-7b31a424915a	2023-04-08	01:04:31	PATCH	/users	undefined
aaa1de5d-7ec5-42ca-bdf5-785c7736e0de	2023-04-08	01:04:47	PATCH	/users	undefined
22bf3af5-ab6a-4cce-af19-5b7926a727f7	2023-04-08	01:04:55	PATCH	/users	undefined
491f76a4-96fc-4ca9-a40a-bdeb8d39b135	2023-04-08	01:04:59	GET	/users	undefined
135b37fc-cee5-402e-b841-bce56a1ebbf6	2023-04-08	01:04:18	PATCH	/users	undefined
55fd3b42-895c-4746-bbf0-eab37ed0eabf	2023-04-08	01:04:23	GET	/users	undefined
733cf414-cc4c-4d97-b39d-db707b626967	2023-04-08	01:04:31	PATCH	/users	undefined
2cab8151-0c47-41a7-b5b4-ad8ac306cfdc	2023-04-08	01:04:00	DELETE	/users	undefined
8b11b656-4882-4cf1-97cd-45d3134c7bc2	2023-04-08	01:04:03	GET	/users	undefined
501a9ce5-e25d-4df5-aa87-486351ac8b94	2023-04-08	01:04:00	GET	/users/6431087dbe407eb571dcca48	undefined
2d37298c-b5b4-401c-b52e-4eaa7a815ba5	2023-04-08	01:04:27	GET	/users/	undefined
f0f31e0e-7aa3-44f4-8a30-d8b2095a2d5c	2023-04-08	01:04:39	GET	/users/sss	undefined
221e7b07-2209-461b-a5f4-6018f6f7546f	2023-04-08	01:04:10	GET	/users/6431087dbe407eb571dcca49	undefined
744bccb9-f62d-4432-9295-d6ad1711f2b6	2023-04-08	01:04:24	GET	/users	undefined
5635b8a0-b49a-4a2a-b9c3-81452e21df52	2023-04-08	01:04:04	GET	/users	undefined
c0560b82-6ee0-465d-8131-4798f347172c	2023-04-08	01:04:05	GET	/users	undefined
01aa6688-b877-4fe9-bf03-6c089bc0c5b0	2023-04-08	01:04:08	GET	/users	undefined
b4faedbd-9e5e-498d-bcb2-3188b5b650cd	2023-04-08	01:04:19	GET	/users	undefined
ba274b2a-8cf4-454c-8731-e3d8ed382fb9	2023-04-08	01:04:20	GET	/favicon.ico	undefined
aa1bb27f-b663-4968-93ff-d0d6b81af7c3	2023-04-08	01:04:17	GET	/posts	undefined
8a7c1987-4ce8-4169-82ac-1186b92be69e	2023-04-08	01:04:52	GET	/posts	undefined
67d1813e-e895-4ad2-a304-e1ae9d1e59bf	2023-04-08	01:04:19	POST	/posts	undefined
fcf10567-545a-4ebc-a384-58f4cdc99cdc	2023-04-08	02:04:40	GET	/posts	undefined
5ad22202-56b9-439e-a858-906f4185d4f8	2023-04-08	05:04:01	GET	/posts	undefined
56d1dcba-38c2-431b-8b9e-59cfc375670f	2023-04-08	05:04:40	GET	/users	undefined
54de1968-7382-4f87-8325-416c722a0501	2023-04-08	05:04:59	POST	/posts	undefined
89fe7a03-53bd-4bc6-94d6-475f36bcf5d9	2023-04-08	05:04:11	POST	/posts	undefined
49063ed7-30ae-4e96-b67b-24afb989fb17	2023-04-08	05:04:17	GET	/posts	undefined
5a74c7ee-0226-497b-92e3-09720ccb9b10	2023-04-08	05:04:12	POST	/posts	undefined
f8d780a9-de97-4171-b203-b7c70dbeebf8	2023-04-08	05:04:53	POST	/posts	undefined
05a79ba5-d7a4-4a3f-a6e5-c6ce0d5f8583	2023-04-08	05:04:02	POST	/posts	undefined
c06fb2c3-b20f-4bf2-b3cf-8e3e4d0e32fc	2023-04-08	05:04:42	POST	/posts	undefined
f1a5537c-1fa8-4c8e-8de3-dda1d4eaeeae	2023-04-08	05:04:15	GET	/posts	undefined
decfc2ad-109b-409b-9d5c-ee6226491d7d	2023-04-08	05:04:34	GET	/posts	undefined
320356a7-dc33-404c-9ac2-2d817e98efe6	2023-04-08	05:04:35	GET	/favicon.ico	undefined
24b4d8f6-6c93-4c19-be42-a0d3b542e5e4	2023-04-08	05:04:34	POST	/posts	undefined
35965da2-f09b-4dd6-8887-023cd5bfdb38	2023-04-08	05:04:44	POST	/posts	undefined
88eeecbc-6b3e-46c3-b786-00349967c53d	2023-04-08	05:04:57	GET	/posts	undefined
0f3f910f-af25-42b5-b720-58b1e17ae1bd	2023-04-08	05:04:58	GET	/favicon.ico	undefined
767a0226-9e4a-465c-8653-e05767400cd7	2023-04-08	05:04:01	GET	/posts	undefined
cb5a9be5-d52a-4ab3-a7fd-855ac56a0a2a	2023-04-08	05:04:01	GET	/favicon.ico	undefined
bfcb4d13-7719-44e0-be17-e5f7ebd75334	2023-04-08	05:04:49	POST	/posts	undefined
5ed850a0-980f-4bc5-aac0-0fc5985027b1	2023-04-08	05:04:57	GET	/posts	undefined
638978fd-6297-467e-8f5f-b6f23bb133b7	2023-04-08	05:04:59	GET	/posts	undefined
02dbd2b7-f5c2-4fe0-940e-96775850725f	2023-04-08	05:04:02	POST	/posts	undefined
230218d2-6e0f-4707-85f2-ad29d0686fca	2023-04-08	05:04:11	GET	/posts	undefined
eab89255-4253-4505-8482-18b41fc5a7fb	2023-04-08	05:04:59	GET	/posts	undefined
d0b8c7e5-5ea8-4064-8a7a-0286e70286f7	2023-04-08	05:04:03	POST	/posts	undefined
54f7d1ac-6dbf-40fc-b430-c93d650c4114	2023-04-08	05:04:10	GET	/posts	undefined
23e7faf0-af75-4342-987e-4daea0b19396	2023-04-08	06:04:25	GET	/posts	undefined
d22a18d3-fce8-4454-add1-1441e21cc56f	2023-04-08	06:04:25	GET	/favicon.ico	undefined
148106ee-cd02-43d9-9b59-eaa8bf690e65	2023-04-08	06:04:31	GET	/posts	undefined
610232d7-67a3-4325-8b4b-aeff435e6359	2023-04-08	06:04:31	GET	/favicon.ico	undefined
c6cbfd1b-c8c5-46e7-a08a-9c351698888d	2023-04-08	06:04:12	GET	/posts	undefined
588a5280-7ddb-444a-9a16-a2e200a116f1	2023-04-08	06:04:12	GET	/favicon.ico	undefined
6852a8d5-09a9-4f8b-be34-22e580de4459	2023-04-08	06:04:25	GET	/posts	undefined
c79bfb9d-7327-4843-bcdf-bcbff8b5cdad	2023-04-08	06:04:31	POST	/posts	undefined
8dc6b1bc-19e1-4012-93f7-f0bbe6e42daf	2023-04-08	06:04:39	GET	/posts	undefined
d8f0f735-463d-437e-bdc4-dee3ae02848d	2023-04-08	06:04:47	GET	/posts	undefined
546a640c-37f7-48cf-aa56-47b78f605897	2023-04-08	06:04:47	GET	/favicon.ico	undefined
5f77e94b-3661-4553-92bc-2d5d75415595	2023-04-08	06:04:22	GET	/	undefined
12986bad-d7b4-4b80-8770-647ea6be067b	2023-04-08	06:04:22	GET	/css/styles.css	undefined
800f015f-e6cb-401e-b6eb-467100e2ce47	2023-04-08	06:04:22	GET	/favicon.ico	undefined
f4e888eb-c53b-4ca9-b11a-89c472e16f11	2023-04-08	06:04:26	GET	/posts	undefined
fb444291-7767-4abd-994c-26bab7dd3c87	2023-04-08	06:04:27	GET	/favicon.ico	undefined
6e479352-cf16-4b9d-994f-da2a70a9a19d	2023-04-08	06:04:29	GET	/posts	undefined
14cc7941-dd1f-4e5f-a31e-4428af6a6eb2	2023-04-08	06:04:51	GET	/posts	undefined
461b0b80-6ac3-46cf-8d1d-47ff594bc858	2023-04-08	06:04:11	GET	/posts	undefined
b076865d-b845-4aca-a734-ac0f617c368c	2023-04-08	06:04:55	GET	/posts	undefined
a45951c5-263f-4ad4-802c-aa5e64179c6d	2023-04-08	06:04:01	GET	/posts	undefined
a9f5d50d-b69e-4e88-ad09-4fe33d1df00e	2023-04-08	06:04:28	GET	/posts	undefined
e2f91b87-1dd9-4e74-afcc-575d870fdc7d	2023-04-08	06:04:49	GET	/posts	undefined
95f6f038-6362-47aa-b09e-ad901ec67660	2023-04-08	07:04:07	GET	/posts	undefined
ccbf957d-399d-4f9e-aa53-ee6820a27629	2023-04-08	07:04:47	PATCH	/posts	undefined
aeab128f-ee7f-442f-b140-7db2d71a147e	2023-04-08	07:04:26	PATCH	/posts	undefined
d8525ae3-bacc-46ab-ba5d-08188fdb0456	2023-04-08	07:04:34	PATCH	/posts	undefined
ec01c50e-446a-45a3-8018-c92511efea57	2023-04-08	07:04:48	PATCH	/posts	undefined
aa6d49f8-ad19-40b3-8624-04fb8ce8a52c	2023-04-08	07:04:09	PATCH	/posts	undefined
35233f2d-aea7-4215-94db-2075fba140af	2023-04-08	07:04:52	PATCH	/posts	undefined
1d858c30-b73b-42e3-bc4a-fc21b07befff	2023-04-08	07:04:56	PATCH	/posts	undefined
e4a825f4-75bf-4e89-a4c4-efba09c140a3	2023-04-08	07:04:58	PATCH	/posts	undefined
d0736f6d-bc7d-45d3-9f51-cf64259c5958	2023-04-08	07:04:37	PATCH	/posts	undefined
3f1458b3-f6a8-4fb2-b985-b2d4b429330a	2023-04-08	07:04:06	PATCH	/posts	undefined
59d1b7ac-f3b2-4e25-b4b3-7c7077f4d8f4	2023-04-08	07:04:27	GET	/posts	undefined
1bee6a0e-fd2c-4d5f-8f5e-c2edc8b24493	2023-04-08	07:04:52	PATCH	/posts	undefined
a6bbf334-42f7-4b2f-a431-f4dfff72f349	2023-04-08	07:04:17	PATCH	/posts	undefined
91037c13-10d1-46b6-823e-d204d356ba0b	2023-04-08	07:04:33	GET	/posts	undefined
1a073a8e-7212-4e0e-a11e-36cc7ba6069c	2023-04-08	07:04:41	GET	/posts	undefined
6e6c69e5-570c-424d-99ba-5e4a90f2d5b1	2023-04-08	07:04:48	DELETE	/posts	undefined
6090781d-479e-4e39-84ee-dcf6feb885b6	2023-04-08	07:04:54	GET	/posts	undefined
f85daffb-eb61-4581-9e27-b49551f2cd7e	2023-04-08	07:04:38	GET	/posts	undefined
8f914e81-33b2-4d25-9dbd-b1484430c823	2023-04-08	07:04:39	GET	/favicon.ico	undefined
5ab4085b-6232-41aa-ac96-23e94a5a72b6	2023-04-08	07:04:15	GET	/users	undefined
84ac3649-50a8-4770-a5d0-ed5da8c86c82	2023-04-08	07:04:43	POST	/posts	undefined
45ca8c44-1c44-4c28-be62-96f291faecf4	2023-04-08	07:04:50	GET	/posts	undefined
71d157d6-b3ca-419f-b84e-1f96ce98cc21	2023-04-08	07:04:02	POST	/posts	undefined
74a110b9-9430-4cc6-b91a-014a98a524c4	2023-04-08	07:04:09	GET	/posts	undefined
62e125a0-3a91-4c5c-ad27-b125f8c6d46f	2023-04-08	07:04:26	GET	/users	undefined
d217f2ff-8f81-4ae5-89cd-91523910cc4e	2023-04-08	07:04:50	PATCH	/users	undefined
fd1510d0-e1ae-4070-bd0f-b9727b7817b8	2023-04-08	07:04:26	PATCH	/users	undefined
53cd97b2-100b-4970-adca-07613951c975	2023-04-08	07:04:13	PATCH	/users	undefined
8fbe6687-887d-46fb-ae78-f30580ab3c03	2023-04-08	07:04:22	GET	/users	undefined
456cfd69-d008-4852-a64d-faf55d7e2523	2023-04-08	08:04:01	GET	/users	undefined
f7180675-0814-4575-bd48-f3222305793b	2023-04-08	08:04:06	PATCH	/users	undefined
b9ebb8d4-03ff-41c5-ad69-0a6c050abe20	2023-04-08	08:04:11	GET	/users	undefined
f2fce43b-fe55-4e51-a40b-7d8a1fa08f47	2023-04-08	08:04:06	DELETE	/users	undefined
71154c00-08ba-42fc-8fc6-7ab9ed3c84f4	2023-04-08	08:04:41	DELETE	/users	undefined
ed950b07-d1c5-43d8-adb3-ddc008b4e378	2023-04-08	08:04:33	DELETE	/users	undefined
d3fcfd68-7e2a-4aae-ab48-d0216f3fcea9	2023-04-08	08:04:48	DELETE	/users	undefined
d9a27b59-6b38-49b6-bc63-bf9d6ff63b08	2023-04-08	08:04:58	DELETE	/users	undefined
2ba613a5-abf3-4841-a464-6101d1fc37a2	2023-04-08	08:04:27	PATCH	/users	undefined
97cbe5de-8972-42a4-be53-f3688e90f507	2023-04-08	08:04:31	PATCH	/users	undefined
5dd67b96-e31c-4c3c-846c-3d4d7fc62e1e	2023-04-08	08:04:59	PATCH	/users	undefined
2f2a52be-1ee5-4ed9-bb6d-ad7d55223a08	2023-04-08	08:04:12	GET	/users	undefined
26c86bb3-41d7-4a94-9ec2-be8207713789	2023-04-08	08:04:37	PATCH	/users	undefined
4fd0b9e9-13c1-4c2b-9a95-5e9616ac722c	2023-04-08	08:04:41	PATCH	/users	undefined
fdf5b3aa-22d4-46d3-b9cc-984670f3e2e3	2023-04-08	08:04:55	GET	/posts	undefined
ebc08b4a-27f2-4433-8d73-28f9e7668c40	2023-04-08	08:04:56	GET	/favicon.ico	undefined
2a8cd01d-2db6-4349-9c8a-42a6034755ae	2023-04-08	08:04:51	GET	/users	undefined
5bfc98bd-12c8-4bc1-9252-26827eba4b82	2023-04-08	08:04:52	GET	/favicon.ico	undefined
d21f063b-1c9e-4d1f-bd1e-119d7debe02c	2023-04-08	08:04:10	DELETE	/users	undefined
d74054a5-8276-457d-8d00-0a989b073d71	2023-04-08	08:04:14	GET	/users	undefined
3c9c0fe4-83c4-4a3b-9b36-97d386f52385	2023-04-08	08:04:23	PATCH	/users	undefined
a90d3247-88cd-42fc-819d-2756997a44c3	2023-04-08	08:04:29	PATCH	/users	undefined
4672cc1d-a7ad-43b9-bfdb-72d9b0706809	2023-04-08	08:04:34	GET	/users	undefined
851822b5-3f5b-4d30-af21-65963b491542	2023-04-08	08:04:59	GET	/posts	undefined
42981c31-4ea8-4dec-affa-e26e3fc099c8	2023-04-08	08:04:39	PATCH	/posts	undefined
82b4c5b4-5659-4edf-8d0f-4beb020aad3b	2023-04-08	08:04:43	GET	/posts	undefined
9e7e00ff-6768-4310-9659-ede9e76a10f7	2023-04-08	08:04:48	GET	/posts	undefined
fd41123f-cabf-43a3-93f2-8d251e425a22	2023-04-08	08:04:52	PATCH	/posts	undefined
a886d20c-9368-473b-ac8a-d5010142166e	2023-04-08	08:04:59	GET	/posts	undefined
cf00f14a-060c-471f-9573-4b5e26d145a6	2023-04-08	08:04:15	GET	/posts	undefined
21ae4450-dc8b-4c1d-96cf-2474a42a3786	2023-04-08	08:04:21	PATCH	/posts	undefined
20fed053-3350-43d7-aac3-e888e4eb9092	2023-04-08	08:04:25	GET	/posts	undefined
b8b74eeb-b11b-4ba9-bf62-64f683346fa8	2023-04-08	08:04:31	PATCH	/posts	undefined
595b230f-613a-4644-b25e-44494a580071	2023-04-08	08:04:40	GET	/posts	undefined
5c18dde1-c8a3-4471-8350-e6d5a5107dbf	2023-04-08	08:04:22	GET	/comments	undefined
b43fa6de-70ed-47ad-959f-7c14458bd8ec	2023-04-08	08:04:08	GET	/comments	undefined
b74252cb-71b1-48c8-936b-c1ee92094a30	2023-04-08	08:04:26	GET	/comments	undefined
bf75acdc-82de-4234-b707-e3cf79c68916	2023-04-08	08:04:58	GET	/comments	undefined
b9b45091-3427-4dd2-a10a-d002ba8fba46	2023-04-08	08:04:07	GET	/users	undefined
2de6607f-27b4-4e97-99d0-e5b3417313de	2023-04-08	08:04:15	GET	/posts	undefined
56baefb8-9f8a-4340-9578-27c4278e9498	2023-04-08	08:04:49	POST	/comments	undefined
49059e7e-89dc-426d-8332-f28f496e7d8e	2023-04-08	08:04:10	POST	/comments	undefined
af88b481-d72f-49ca-952e-129cf6bf51e4	2023-04-08	08:04:45	POST	/comments	undefined
9d6c65cc-12a5-42f2-a424-8cbdb02fd4ff	2023-04-08	08:04:12	POST	/comments	undefined
b76ee2f0-0919-4676-86a7-0c1a7260adbe	2023-04-08	08:04:37	POST	/comments	undefined
4c68f988-12f6-4d70-811d-b1f66bf6c17b	2023-04-08	08:04:21	POST	/comments	undefined
d346f1e0-1fc2-4403-9792-442e29579789	2023-04-08	08:04:36	POST	/comments	undefined
11c7a8c4-9744-4fca-8718-d830d8ea424e	2023-04-08	08:04:36	GET	/posts	undefined
3918736d-a999-46c3-8cf9-c99c6c029eb7	2023-04-08	08:04:48	GET	/users	undefined
2a21189c-f260-442b-916d-5e3368fc4f72	2023-04-08	08:04:21	POST	/posts	undefined
ae2e5aec-3cd1-466b-b571-b3eda4148c68	2023-04-08	08:04:25	GET	/posts	undefined
e43cc4a6-43f2-4dc3-95a2-811bf2ec7cba	2023-04-08	10:04:28	GET	/users	undefined
db7c2927-09a1-4280-a639-49cc2d37b161	2023-04-08	10:04:29	GET	/favicon.ico	undefined
6742ee26-3db3-48d9-af41-f35dc5bdd678	2023-04-08	10:04:32	GET	/users	undefined
cff2715f-9bb4-4d66-be84-36592a4dff4c	2023-04-08	10:04:33	GET	/favicon.ico	undefined
ee839e64-e681-421f-8343-808594669f98	2023-04-08	10:04:39	POST	/comments	undefined
461e80f7-854a-4003-ad76-c7ee2da7d178	2023-04-08	10:04:52	POST	/comments	undefined
09260a7f-288c-4cf0-9281-51cebce99573	2023-04-08	10:04:12	GET	/posts	undefined
98232e24-d016-4913-99ed-f1a8c93f4414	2023-04-08	10:04:38	POST	/comments	undefined
481351df-2455-4d5e-988a-931a89a7fd61	2023-04-08	10:04:14	GET	/comments	undefined
924ce280-1f0a-4b93-80a9-4228c0fd3fc3	2023-04-08	10:04:01	GET	/comments	undefined
b1eb82b6-1c81-4f7d-ad43-41033d7ced9d	2023-04-08	10:04:55	GET	/comments	undefined
aa60f6a5-7866-454f-b471-996c80abf4a5	2023-04-08	10:04:09	POST	/comments	undefined
421cd2f6-a5c1-4ca1-b4fa-946f5e43b959	2023-04-08	10:04:24	GET	/comments	undefined
cae366f1-8a0d-441c-853a-ee31c9625698	2023-04-08	10:04:42	GET	/comments	undefined
5e9495f0-e682-421a-b08b-88f9ca470ada	2023-04-08	10:04:43	GET	/favicon.ico	undefined
ed1d2151-f9f7-431f-baca-608b00c341d2	2023-04-08	10:04:05	DELETE	/comments	undefined
cd62fe59-04ef-4061-a79e-d470f84215d7	2023-04-08	10:04:09	GET	/comments	undefined
7904ded1-e01e-4364-9b17-6f467371b5f4	2023-04-08	10:04:36	GET	/comments/64318629db16fb640805d4e1	undefined
25771139-76df-448f-8e7d-d3ecf191a311	2023-04-08	10:04:32	POST	/comments	undefined
a96cadc8-760e-4b36-bdae-6f3843c1c9af	2023-04-08	10:04:58	GET	/comments	undefined
c1d40d9e-d391-48ac-91c8-447e49775265	2023-04-08	10:04:12	PATCH	/comments	undefined
aba2233b-2cb9-49e1-9194-456df57c8999	2023-04-08	10:04:20	PATCH	/comments	undefined
32455540-c52a-4602-ac5a-0f22c005ae79	2023-04-08	10:04:18	POST	/comments	undefined
9bbd0c82-8aa5-4aef-a938-39028192ef3b	2023-04-08	10:04:21	POST	/comments	undefined
e62e0116-ea64-4fc0-a84c-ae970321dfae	2023-04-08	10:04:24	GET	/comments/64318629db16fb640805d4e1	undefined
3a4885ad-c72b-4395-87eb-d309fad9e609	2023-04-08	10:04:28	GET	/comments	undefined
f8fd0e3b-4736-4c3b-b524-6338482f9aab	2023-04-08	10:04:43	PATCH	/comments	undefined
64d1c880-94fa-4115-9545-ff20cf622413	2023-04-08	10:04:47	GET	/comments	undefined
df3a0ab9-d43a-4b72-85e0-25cd8b4ad102	2023-04-08	10:04:24	GET	/posts	undefined
00c06cb1-3a72-4a85-8350-abec393b0562	2023-04-08	10:04:25	GET	/favicon.ico	undefined
94b62200-a7da-4183-b9ac-b77a569d5eda	2023-04-08	10:04:52	GET	/comments	undefined
b7859296-765f-4a2a-977a-4a78bfc06b12	2023-04-08	10:04:53	GET	/favicon.ico	undefined
1ab76615-cde4-42da-9246-4e7ef6d3ec5a	2023-04-08	10:04:04	GET	/comments	undefined
2ff44147-1cab-49a6-b467-195afbf91ead	2023-04-08	10:04:05	GET	/favicon.ico	undefined
6e859b04-c330-48ea-adca-8407f8c22877	2023-04-08	10:04:28	GET	/users	undefined
dda36225-adba-46ef-91ae-214dcb5185c0	2023-04-08	10:04:49	DELETE	/users	undefined
fd791c7e-85e3-49f9-a0e3-e9d4a32d4cb6	2023-04-08	10:04:43	POST	/users	undefined
4764325e-0bb1-49cc-a766-2c42345a821f	2023-04-08	10:04:02	POST	/users	undefined
5f23bd29-e910-41b7-8d9f-ec63987929d7	2023-04-08	10:04:16	POST	/users	undefined
ae96df95-2065-4f22-bdee-fc90bf2aa5ff	2023-04-08	10:04:27	POST	/users	undefined
23b40f7f-36ac-4248-bdc0-ade482e867d9	2023-04-08	10:04:42	POST	/users	undefined
e4bc8ffc-c38a-4fc2-95ed-5ab969e7637e	2023-04-08	10:04:55	GET	/users	undefined
8426bec7-d24f-4253-b514-39d772742215	2023-04-08	10:04:19	GET	/users	undefined
11802a22-87a5-4282-b4ab-e4349a1d9627	2023-04-08	10:04:20	GET	/favicon.ico	undefined
17b58134-f2c7-421a-9c56-e4784eefa762	2023-04-08	10:04:28	PATCH	/users	undefined
b8f22a10-b30f-4634-8a6d-d192fc2e8b84	2023-04-08	10:04:46	GET	/users	undefined
85cf29fd-7917-40ad-8a4b-e41dac08c0ef	2023-04-08	10:04:34	PATCH	/users	undefined
42de58cb-40d9-4364-be21-9ae24ec9d258	2023-04-08	10:04:38	GET	/users	undefined
1f4de13c-c69f-427f-ab11-ca2ef8c0e882	2023-04-08	10:04:02	PATCH	/users	undefined
e48a6758-94dd-4273-9ddf-eb07ff0b9cc8	2023-04-08	10:04:25	PATCH	/users	undefined
bf48a825-6447-47a3-a4fa-224145a66682	2023-04-08	10:04:29	GET	/users	undefined
a71ce0b1-72ea-4283-acf0-6b2af29851cc	2023-04-08	10:04:04	GET	/users/64318cdc05d9e38aac6b683d	undefined
d888a978-d5fe-42fa-842a-dcf5e33c07ff	2023-04-08	10:04:25	GET	/posts	undefined
ce0005e4-47ee-4dee-bad3-7e8a69e22bab	2023-04-08	11:04:24	DELETE	/posts	undefined
10cd9b20-aacf-492f-94ae-9be263f68cf2	2023-04-08	11:04:29	PATCH	/posts	undefined
220382d1-5bba-4f69-ab40-867208f7cdc9	2023-04-08	11:04:34	POST	/posts	undefined
1ea8ffec-7ad8-4172-8a8c-6974f54a48e4	2023-04-08	11:04:37	GET	/posts	undefined
f0fb2d0e-56a4-4d8b-b72a-5672e0376c8a	2023-04-08	11:04:04	DELETE	/posts	undefined
1befca0d-6e04-48c2-b7a7-57ac9a9a734d	2023-04-08	11:04:11	GET	/posts	undefined
6a93cb45-9139-4644-9f34-4f33f1efad57	2023-04-08	11:04:19	DELETE	/posts	undefined
8ba728e1-b60e-4c60-beac-393d35ab43c5	2023-04-08	11:04:36	GET	/posts	undefined
362d8aff-1c98-4e28-a9a2-e3b6e8e8c11b	2023-04-08	11:04:48	DELETE	/posts	undefined
dad653c5-5354-4710-94c0-e9aa67a5cf8d	2023-04-08	11:04:18	DELETE	/posts	undefined
869af831-a7bb-4bba-b242-389ecbf935dc	2023-04-08	11:04:24	GET	/posts	undefined
5a2d27ad-ba0e-4785-8a80-b2661f7b1517	2023-04-08	11:04:35	DELETE	/posts	undefined
b390f779-32a3-4553-80a4-79e1ae5f1ad4	2023-04-08	11:04:38	POST	/posts	undefined
6f14f20e-45e9-482d-8f96-1be15edb3142	2023-04-08	11:04:50	POST	/posts	undefined
a1355472-2776-4394-ad48-79031fc02ea1	2023-04-08	11:04:15	POST	/posts	undefined
fcd91523-9e81-4b72-8f79-cd0a829ce6d6	2023-04-08	11:04:37	POST	/posts	undefined
471ba5e1-3697-4114-925c-1fbffaf6e367	2023-04-08	11:04:27	GET	/posts	undefined
c8df21fa-f121-496c-bcd9-55d863bcbb74	2023-04-08	11:04:30	GET	/users	undefined
104fc0b0-d72f-4663-87c4-2ac111d1b203	2023-04-08	11:04:18	POST	/posts	undefined
a5c5d4b2-6d24-48eb-a136-4b888fac7005	2023-04-08	11:04:45	POST	/posts	undefined
7f4e6e48-3108-406c-b57f-b1ce15fec65d	2023-04-08	11:04:49	POST	/posts	undefined
dad20f21-2ace-4230-94c5-aab2a41598db	2023-04-08	11:04:50	POST	/posts	undefined
33aa2ffa-e3b7-466f-bfe0-9c3cb921db22	2023-04-08	11:04:58	POST	/posts	undefined
824bfb43-b1a2-49ba-bb8f-ff2a22b6a35c	2023-04-08	11:04:59	POST	/posts	undefined
de759326-9440-4ac1-b896-8de3fe0cd6f8	2023-04-08	11:04:59	POST	/posts	undefined
a1aa4300-dc81-4974-99dd-80d87cf610fd	2023-04-08	11:04:00	POST	/posts	undefined
266d5cc0-3e4f-401f-9065-67555d9ae44a	2023-04-08	11:04:00	POST	/posts	undefined
5082d7a4-77e5-4c33-8afc-cba0b01ce49a	2023-04-08	11:04:00	POST	/posts	undefined
3a46eb74-179f-407d-a359-e9b65b396875	2023-04-08	11:04:00	POST	/posts	undefined
40a1f911-1b62-4b45-b903-8d8291ca188a	2023-04-08	11:04:06	POST	/posts	undefined
cdec3e5c-4466-4a80-bb03-0eb38adbc959	2023-04-08	11:04:07	POST	/posts	undefined
cca40fb1-c935-4515-b553-63347e81db9c	2023-04-08	11:04:07	POST	/posts	undefined
90d926c6-1fed-4329-a589-d239086df06d	2023-04-08	11:04:07	POST	/posts	undefined
b6e25a78-f2b8-4110-8134-2cf850051dd9	2023-04-08	11:04:08	POST	/posts	undefined
679b6664-111e-4b10-86ad-36806b42395b	2023-04-08	11:04:08	POST	/posts	undefined
5b75d165-8f37-44fe-8d67-179ceef8b70b	2023-04-08	11:04:08	POST	/posts	undefined
8d459519-6841-407c-a966-877b8de4d619	2023-04-08	11:04:08	POST	/posts	undefined
87a34c71-daff-4982-a4db-3a2da99b08b8	2023-04-08	11:04:10	GET	/users	undefined
97d683b3-19c4-4c56-896e-e8e750c323b3	2023-04-08	11:04:03	POST	/posts	undefined
3370c76c-aa04-411a-818b-fa47b8e53027	2023-04-08	11:04:02	POST	/posts	undefined
65ab8dcd-003d-4172-bc4a-46cf38bfdf6d	2023-04-08	11:04:19	POST	/posts	undefined
9b29358b-be67-457e-afd5-599407e14ebd	2023-04-08	11:04:35	GET	/posts	undefined
c66aad6b-082a-4f3f-a705-bdf8f071c647	2023-04-08	11:04:51	GET	/users	undefined
31eb9e04-da43-45a7-9103-a3a506f16e75	2023-04-08	11:04:34	POST	/posts	undefined
02e88bba-df07-4030-bd71-9feb6437af5a	2023-04-08	11:04:56	GET	/posts	undefined
db3284a3-8354-4bb3-88bb-1900fc33856b	2023-04-08	11:04:26	POST	/posts	undefined
236b9b55-b25d-4f37-b19e-1793d110c3ba	2023-04-08	11:04:54	POST	/posts	undefined
53b7607c-7274-48da-bdef-03c87281c375	2023-04-08	11:04:20	POST	/posts	undefined
9d582b38-e6f4-4ee0-9229-7eb0f8a17df6	2023-04-08	11:04:46	POST	/posts	undefined
61d7dd7b-fa27-4aab-b5c8-c05dd8d64dc5	2023-04-08	11:04:17	POST	/posts	undefined
dfb5eb61-4357-4c97-b560-a8518f40ccdc	2023-04-08	11:04:04	POST	/posts	undefined
5239b79f-b83d-4cda-a3df-aa4e0b80f8ae	2023-04-08	11:04:44	POST	/posts	undefined
bdef726a-aff4-4b0d-b0eb-3a7e6d180ce0	2023-04-08	11:04:51	GET	/posts	undefined
6cd5eaed-64eb-41f3-ba77-286879f9a725	2023-04-08	11:04:11	GET	/posts	undefined
c6945bdb-bd5e-489b-be88-a80bdfe83527	2023-04-08	11:04:17	PATCH	/posts	undefined
8686ee78-9d40-4135-8af8-c36443c71ec8	2023-04-08	11:04:40	PATCH	/posts	undefined
98d0a104-f446-4477-8e66-040f6bf0f0de	2023-04-08	11:04:41	PATCH	/posts	undefined
bef2c0b6-c002-4b9c-9fa6-d99b73e4c9ef	2023-04-08	11:04:41	PATCH	/posts	undefined
7a02475f-61c9-4fa2-9f1c-4ab810ec9740	2023-04-08	11:04:42	PATCH	/posts	undefined
60b20ce0-2680-4e9b-b915-2f2b8438f4bf	2023-04-08	11:04:43	PATCH	/posts	undefined
bce3d780-e192-4709-bc0b-73dd3fd33cf7	2023-04-08	11:04:46	PATCH	/posts	undefined
37611dac-7c38-4758-9b30-318af6544d21	2023-04-08	11:04:47	PATCH	/posts	undefined
3a5d6bd4-87ce-4016-b1de-e2de35d27be6	2023-04-08	11:04:48	PATCH	/posts	undefined
f6f4346e-5299-4877-9bcd-23da0669e60b	2023-04-08	11:04:49	PATCH	/posts	undefined
7f0253e8-93bd-4478-9ab8-b84428d8fc66	2023-04-08	11:04:49	PATCH	/posts	undefined
9bcdc54e-3f6b-407f-b9ca-1beb9216f2f9	2023-04-08	11:04:50	PATCH	/posts	undefined
3f8d3f1c-c638-4cd8-acd0-0449f2bd9094	2023-04-08	11:04:51	PATCH	/posts	undefined
6f2cfae2-6c91-46d8-8c66-934b0a6de7f6	2023-04-08	11:04:53	GET	/posts	undefined
794c79dd-a996-4ef4-939d-83ef1c43f94e	2023-04-08	11:04:01	PATCH	/posts	undefined
4ed15fc1-a776-49c0-aa8a-8880a9e32d47	2023-04-08	11:04:02	PATCH	/posts	undefined
d2422ba7-b571-48c1-8b9b-51749659b035	2023-04-08	11:04:02	PATCH	/posts	undefined
db7d37b7-3ee2-4c8d-bc1a-2f788e9524a6	2023-04-08	11:04:03	PATCH	/posts	undefined
8e44913d-f799-45f3-91a6-725d4f98a1a7	2023-04-08	11:04:11	PATCH	/posts	undefined
8787ccb8-fcb1-41f0-9a44-ad41994efc59	2023-04-08	11:04:12	PATCH	/posts	undefined
feaa8c58-f36f-4544-874e-52d6445007f2	2023-04-08	11:04:12	PATCH	/posts	undefined
ab556f37-20a9-4ed8-8118-a5d48c603c03	2023-04-08	11:04:20	PATCH	/posts	undefined
ce8282e3-2256-4372-b0a2-20e7b641a66e	2023-04-08	11:04:20	PATCH	/posts	undefined
4438d14d-5537-4bbf-aa6a-6b877daf109d	2023-04-08	11:04:21	PATCH	/posts	undefined
6dfe5877-9f80-4546-afb6-7e9d7a2620ec	2023-04-08	11:04:22	PATCH	/posts	undefined
ad87bd49-455d-47b1-8fdf-f1a0d746303b	2023-04-08	11:04:22	PATCH	/posts	undefined
82ef72bd-5830-44f1-9e0b-0eb8b225488e	2023-04-08	11:04:22	PATCH	/posts	undefined
3e3c690b-0c09-4e8c-b4cc-de55d303d398	2023-04-08	11:04:23	PATCH	/posts	undefined
9da77558-73d3-40bd-ab2b-416e76af3539	2023-04-08	11:04:23	PATCH	/posts	undefined
b71a6151-c3dc-43f0-86c3-a865cb63c53b	2023-04-08	11:04:34	PATCH	/posts	undefined
4f775dcc-588f-448c-858c-727563d96aef	2023-04-08	11:04:34	PATCH	/posts	undefined
e21637f9-39a8-4f3a-998b-0c5bce48fa7a	2023-04-08	11:04:35	PATCH	/posts	undefined
d3f30f48-e0a1-429a-8ac8-10556519a685	2023-04-08	11:04:36	PATCH	/posts	undefined
0fb03ee0-e100-4ed8-86e9-1227bb9b7c1d	2023-04-08	11:04:36	PATCH	/posts	undefined
aea95f5e-6e76-4558-9fc0-69cfda93fe76	2023-04-08	11:04:37	PATCH	/posts	undefined
a40a2e2a-74ec-4f62-a8d8-132f756c3682	2023-04-08	11:04:38	PATCH	/posts	undefined
676a412c-a9ce-43cb-b5d9-0dc5b936abbf	2023-04-08	11:04:38	PATCH	/posts	undefined
5cf73321-68aa-40c5-8f10-b66b5c145946	2023-04-08	11:04:39	PATCH	/posts	undefined
0affe388-414c-4ac5-8129-e172ef236934	2023-04-08	11:04:39	PATCH	/posts	undefined
b6246d96-f07b-46f4-a508-feeeace33ba5	2023-04-08	11:04:39	PATCH	/posts	undefined
4d6da814-49af-4fde-b56a-7509bdb0c63e	2023-04-08	11:04:40	PATCH	/posts	undefined
d88b281f-101e-48c8-aa57-cc55d262d8e5	2023-04-08	11:04:42	GET	/posts	undefined
77517951-f110-4568-99f4-98ad9bc00e12	2023-04-08	11:04:53	GET	/posts	undefined
388e1141-cf8c-4419-aee3-a71b0793ad9e	2023-04-08	11:04:53	GET	/favicon.ico	undefined
ed6476d7-7fe7-4806-a313-e62255d66754	2023-04-08	11:04:29	GET	/comments	undefined
2060fdd8-5702-4cb7-894e-5346303b029b	2023-04-08	11:04:40	DELETE	/comments	undefined
24082af6-9de1-4c1b-bec3-abc518a40efe	2023-04-08	11:04:47	DELETE	/comments	undefined
803bbe6a-c06f-488a-86e4-e20b7c816b52	2023-04-08	11:04:54	DELETE	/comments	undefined
25a15f26-536a-4c96-adb3-b57042ab6078	2023-04-08	11:04:01	DELETE	/comments	undefined
53b3e830-6c54-4954-90c2-f36ea2306a57	2023-04-08	11:04:05	GET	/comments	undefined
c90f7c34-bc9a-4154-b7ac-e18a0963bbfa	2023-04-08	11:04:17	GET	/posts	undefined
9f4467ea-30da-40e3-a6da-f505ffbca29b	2023-04-08	11:04:41	POST	/comments	undefined
d0b300d3-bee7-41dc-b3d5-563f503e4524	2023-04-08	11:04:15	POST	/comments	undefined
ab0c8004-6868-4aed-9cde-ed69540acd65	2023-04-08	11:04:32	POST	/comments	undefined
92533926-0f3a-4897-acbb-15b911f09050	2023-04-08	11:04:46	POST	/comments	undefined
67513fe0-e1dc-4aaf-990a-607d338f2d42	2023-04-08	11:04:55	POST	/comments	undefined
1e6783f9-b142-4409-b0ea-6ff96495341a	2023-04-08	11:04:07	GET	/comments	undefined
c0ab8c9a-0d3d-41ea-bf29-de82234d4b63	2023-04-08	11:04:24	GET	/posts	undefined
d4efe0b0-2d93-4b7f-afa1-a43158d50fb6	2023-04-08	11:04:25	GET	/favicon.ico	undefined
18becacb-ac72-4a4c-8653-f224ab8ce889	2023-04-08	11:04:32	GET	/comments	undefined
e05b4ab3-92b3-4934-8baa-0f35ca2a1faa	2023-04-08	11:04:33	GET	/favicon.ico	undefined
3ba65d53-93c9-4d10-a103-670f363135e2	2023-04-08	11:04:01	DELETE	/comments	undefined
93c9940d-a16f-4e1a-994c-195869cdafd6	2023-04-08	11:04:09	GET	/comments	undefined
104319fe-aeec-4598-89c3-94001271f798	2023-04-08	11:04:17	GET	/comments/643192ca16dc47b6ebdf763f	undefined
c8842e5f-e1d3-4563-a1ad-1306cb228517	2023-04-08	11:04:03	POST	/comments	undefined
5f464f04-27fd-40fc-8ae2-31611b550ac6	2023-04-08	11:04:07	POST	/comments	undefined
0746ea9f-accc-4b0a-abb8-0689d720ca97	2023-04-08	11:04:10	POST	/comments	undefined
90bffd34-1b6a-4823-9ac8-0c3f679f4765	2023-04-08	11:04:20	GET	/comments/643192ca16dc47b6ebdf763f	undefined
9d38d46c-2629-442d-8768-3ca4c2ea5eec	2023-04-08	11:04:39	GET	/comments/643192ca16dc47b6ebdf763f	undefined
58f34304-f6c4-4a5e-97ac-ea1be7a2097d	2023-04-08	11:04:39	GET	/favicon.ico	undefined
ed906ac9-36e2-43a5-84f0-d440cdef121a	2023-04-08	11:04:32	GET	/favicon.ico	undefined
9f1378d3-4c96-483d-8749-aa2e1796422d	2023-04-08	11:04:43	GET	/follow	undefined
0f07231d-e055-4939-bc29-a6d4b55c67d9	2023-04-08	11:04:43	GET	/favicon.ico	undefined
